build/app/intermediates/manifest_merge_blame_file/debug/manifest-merger-blame-debug-report.txt
1<?xml version="1.0" encoding="utf-8"?>
2<manifest xmlns:android="http://schemas.android.com/apk/res/android"
3    package="com.example.flutter_auth_example"
4    android:versionCode="1"
5    android:versionName="1.0.0" >
6
7    <uses-sdk
8        android:minSdkVersion="19"
9        android:targetSdkVersion="30" />
10    <!--
11         Flutter needs it to communicate with the running application
12         to allow setting breakpoints, to provide hot reload, etc.
13    -->
14    <uses-permission android:name="android.permission.INTERNET" />
14-->src/debug/AndroidManifest.xml:6:5-66
14-->src/debug/AndroidManifest.xml:6:22-64
15    <uses-permission android:name="android.permission.ACCESS_NETWORK_STATE" />
15-->[com.google.firebase:firebase-auth:21.1.0] AndroidManifest.xml:24:5-79
15-->[com.google.firebase:firebase-auth:21.1.0] AndroidManifest.xml:24:22-76
16
17    <application
17-->src/main/AndroidManifest.xml:3:4-40:19
18        android:appComponentFactory="androidx.core.app.CoreComponentFactory"
18-->[androidx.core:core:1.6.0] AndroidManifest.xml:24:18-86
19        android:debuggable="true"
20        android:icon="@mipmap/ic_launcher"
20-->src/main/AndroidManifest.xml:5:9-43
21        android:label="flutter_auth_example" >
21-->src/main/AndroidManifest.xml:4:9-45
22        <activity
22-->src/main/AndroidManifest.xml:6:9-34:20
23            android:name="com.example.flutter_auth_example.MainActivity"
23-->src/main/AndroidManifest.xml:7:13-41
24            android:configChanges="orientation|keyboardHidden|keyboard|screenSize|smallestScreenSize|locale|layoutDirection|fontScale|screenLayout|density|uiMode"
24-->src/main/AndroidManifest.xml:10:13-163
25            android:hardwareAccelerated="true"
25-->src/main/AndroidManifest.xml:11:13-47
26            android:launchMode="singleTop"
26-->src/main/AndroidManifest.xml:8:13-43
27            android:theme="@style/LaunchTheme"
27-->src/main/AndroidManifest.xml:9:13-47
28            android:windowSoftInputMode="adjustResize" >
28-->src/main/AndroidManifest.xml:12:13-55
29
30            <!--
31                 Specifies an Android theme to apply to this Activity as soon as
32                 the Android process has started. This theme is visible to the user
33                 while the Flutter UI initializes. After that, this theme continues
34                 to determine the Window background behind the Flutter UI.
35            -->
36            <meta-data
36-->src/main/AndroidManifest.xml:17:13-20:17
37                android:name="io.flutter.embedding.android.NormalTheme"
37-->src/main/AndroidManifest.xml:18:15-70
38                android:resource="@style/NormalTheme" />
38-->src/main/AndroidManifest.xml:19:15-52
39            <!--
40                 Displays an Android View that continues showing the launch screen
41                 Drawable until Flutter paints its first frame, then this splash
42                 screen fades out. A splash screen is useful to avoid any visual
43                 gap between the end of Android's launch screen and the painting of
44                 Flutter's first frame.
45            -->
46            <meta-data
46-->src/main/AndroidManifest.xml:26:13-29:17
47                android:name="io.flutter.embedding.android.SplashScreenDrawable"
47-->src/main/AndroidManifest.xml:27:15-79
48                android:resource="@drawable/launch_background" />
48-->src/main/AndroidManifest.xml:28:15-61
49
50            <intent-filter>
50-->src/main/AndroidManifest.xml:30:13-33:29
51                <action android:name="android.intent.action.MAIN" />
51-->src/main/AndroidManifest.xml:31:17-68
51-->src/main/AndroidManifest.xml:31:25-66
52
53                <category android:name="android.intent.category.LAUNCHER" />
53-->src/main/AndroidManifest.xml:32:17-76
53-->src/main/AndroidManifest.xml:32:27-74
54            </intent-filter>
55        </activity>
56        <!--
57             Don't delete the meta-data below.
58             This is used by the Flutter tool to generate GeneratedPluginRegistrant.java
59        -->
60        <meta-data
60-->src/main/AndroidManifest.xml:37:9-39:33
61            android:name="flutterEmbedding"
61-->src/main/AndroidManifest.xml:38:13-44
62            android:value="2" />
62-->src/main/AndroidManifest.xml:39:13-30
63
64        <service
64-->[:firebase_auth] AndroidManifest.xml:8:9-12:19
65            android:name="com.google.firebase.components.ComponentDiscoveryService"
65-->[:firebase_auth] AndroidManifest.xml:8:18-89
66            android:directBootAware="true"
66-->[com.google.firebase:firebase-common:20.2.0] AndroidManifest.xml:34:13-43
67            android:exported="false" >
67-->[com.google.firebase:firebase-auth:21.1.0] AndroidManifest.xml:66:13-37
68            <meta-data
68-->[:firebase_auth] AndroidManifest.xml:9:13-11:85
69                android:name="com.google.firebase.components:io.flutter.plugins.firebase.auth.FlutterFirebaseAuthRegistrar"
69-->[:firebase_auth] AndroidManifest.xml:10:17-124
70                android:value="com.google.firebase.components.ComponentRegistrar" />
70-->[:firebase_auth] AndroidManifest.xml:11:17-82
71            <meta-data
71-->[:firebase_dynamic_links] AndroidManifest.xml:11:13-13:85
72                android:name="com.google.firebase.components:io.flutter.plugins.firebase.dynamiclinks.FlutterFirebaseAppRegistrar"
72-->[:firebase_dynamic_links] AndroidManifest.xml:12:17-131
73                android:value="com.google.firebase.components.ComponentRegistrar" />
73-->[:firebase_dynamic_links] AndroidManifest.xml:13:17-82
74            <meta-data
74-->[:firebase_core] AndroidManifest.xml:9:13-11:85
75                android:name="com.google.firebase.components:io.flutter.plugins.firebase.core.FlutterFirebaseCoreRegistrar"
75-->[:firebase_core] AndroidManifest.xml:10:17-124
76                android:value="com.google.firebase.components.ComponentRegistrar" />
76-->[:firebase_core] AndroidManifest.xml:11:17-82
77            <meta-data
77-->[com.google.firebase:firebase-auth:21.1.0] AndroidManifest.xml:67:13-69:85
78                android:name="com.google.firebase.components:com.google.firebase.auth.FirebaseAuthRegistrar"
78-->[com.google.firebase:firebase-auth:21.1.0] AndroidManifest.xml:68:17-109
79                android:value="com.google.firebase.components.ComponentRegistrar" />
79-->[com.google.firebase:firebase-auth:21.1.0] AndroidManifest.xml:69:17-82
80            <meta-data
80-->[com.google.firebase:firebase-dynamic-links:21.1.0] AndroidManifest.xml:26:13-28:85
81                android:name="com.google.firebase.components:com.google.firebase.dynamiclinks.internal.FirebaseDynamicLinkRegistrar"
81-->[com.google.firebase:firebase-dynamic-links:21.1.0] AndroidManifest.xml:27:17-133
82                android:value="com.google.firebase.components.ComponentRegistrar" />
82-->[com.google.firebase:firebase-dynamic-links:21.1.0] AndroidManifest.xml:28:17-82
83        </service>
84
85        <uses-library
85-->[androidx.window:window:1.0.0-beta04] AndroidManifest.xml:25:9-27:40
86            android:name="androidx.window.extensions"
86-->[androidx.window:window:1.0.0-beta04] AndroidManifest.xml:26:13-54
87            android:required="false" />
87-->[androidx.window:window:1.0.0-beta04] AndroidManifest.xml:27:13-37
88        <uses-library
88-->[androidx.window:window:1.0.0-beta04] AndroidManifest.xml:28:9-30:40
89            android:name="androidx.window.sidecar"
89-->[androidx.window:window:1.0.0-beta04] AndroidManifest.xml:29:13-51
90            android:required="false" />
90-->[androidx.window:window:1.0.0-beta04] AndroidManifest.xml:30:13-37
91
92        <activity
92-->[com.google.firebase:firebase-auth:21.1.0] AndroidManifest.xml:27:9-44:20
93            android:name="com.google.firebase.auth.internal.GenericIdpActivity"
93-->[com.google.firebase:firebase-auth:21.1.0] AndroidManifest.xml:28:13-80
94            android:excludeFromRecents="true"
94-->[com.google.firebase:firebase-auth:21.1.0] AndroidManifest.xml:29:13-46
95            android:exported="true"
95-->[com.google.firebase:firebase-auth:21.1.0] AndroidManifest.xml:30:13-36
96            android:launchMode="singleTask"
96-->[com.google.firebase:firebase-auth:21.1.0] AndroidManifest.xml:31:13-44
97            android:theme="@android:style/Theme.Translucent.NoTitleBar" >
97-->[com.google.firebase:firebase-auth:21.1.0] AndroidManifest.xml:32:13-72
98            <intent-filter>
98-->[com.google.firebase:firebase-auth:21.1.0] AndroidManifest.xml:33:13-43:29
99                <action android:name="android.intent.action.VIEW" />
99-->[com.google.firebase:firebase-auth:21.1.0] AndroidManifest.xml:34:17-69
99-->[com.google.firebase:firebase-auth:21.1.0] AndroidManifest.xml:34:25-66
100
101                <category android:name="android.intent.category.DEFAULT" />
101-->[com.google.firebase:firebase-auth:21.1.0] AndroidManifest.xml:36:17-76
101-->[com.google.firebase:firebase-auth:21.1.0] AndroidManifest.xml:36:27-73
102                <category android:name="android.intent.category.BROWSABLE" />
102-->[com.google.firebase:firebase-auth:21.1.0] AndroidManifest.xml:37:17-78
102-->[com.google.firebase:firebase-auth:21.1.0] AndroidManifest.xml:37:27-75
103
104                <data
104-->[com.google.firebase:firebase-auth:21.1.0] AndroidManifest.xml:39:17-42:51
105                    android:host="firebase.auth"
105-->[com.google.firebase:firebase-auth:21.1.0] AndroidManifest.xml:40:21-49
106                    android:path="/"
106-->[com.google.firebase:firebase-auth:21.1.0] AndroidManifest.xml:41:21-37
107                    android:scheme="genericidp" />
107-->[com.google.firebase:firebase-auth:21.1.0] AndroidManifest.xml:42:21-48
108            </intent-filter>
109        </activity>
110        <activity
110-->[com.google.firebase:firebase-auth:21.1.0] AndroidManifest.xml:45:9-62:20
111            android:name="com.google.firebase.auth.internal.RecaptchaActivity"
111-->[com.google.firebase:firebase-auth:21.1.0] AndroidManifest.xml:46:13-79
112            android:excludeFromRecents="true"
112-->[com.google.firebase:firebase-auth:21.1.0] AndroidManifest.xml:47:13-46
113            android:exported="true"
113-->[com.google.firebase:firebase-auth:21.1.0] AndroidManifest.xml:48:13-36
114            android:launchMode="singleTask"
114-->[com.google.firebase:firebase-auth:21.1.0] AndroidManifest.xml:49:13-44
115            android:theme="@android:style/Theme.Translucent.NoTitleBar" >
115-->[com.google.firebase:firebase-auth:21.1.0] AndroidManifest.xml:50:13-72
116            <intent-filter>
116-->[com.google.firebase:firebase-auth:21.1.0] AndroidManifest.xml:51:13-61:29
117                <action android:name="android.intent.action.VIEW" />
117-->[com.google.firebase:firebase-auth:21.1.0] AndroidManifest.xml:34:17-69
117-->[com.google.firebase:firebase-auth:21.1.0] AndroidManifest.xml:34:25-66
118
119                <category android:name="android.intent.category.DEFAULT" />
119-->[com.google.firebase:firebase-auth:21.1.0] AndroidManifest.xml:36:17-76
119-->[com.google.firebase:firebase-auth:21.1.0] AndroidManifest.xml:36:27-73
120                <category android:name="android.intent.category.BROWSABLE" />
120-->[com.google.firebase:firebase-auth:21.1.0] AndroidManifest.xml:37:17-78
120-->[com.google.firebase:firebase-auth:21.1.0] AndroidManifest.xml:37:27-75
121
122                <data
122-->[com.google.firebase:firebase-auth:21.1.0] AndroidManifest.xml:39:17-42:51
123                    android:host="firebase.auth"
123-->[com.google.firebase:firebase-auth:21.1.0] AndroidManifest.xml:40:21-49
124                    android:path="/"
124-->[com.google.firebase:firebase-auth:21.1.0] AndroidManifest.xml:41:21-37
125                    android:scheme="recaptcha" />
125-->[com.google.firebase:firebase-auth:21.1.0] AndroidManifest.xml:42:21-48
126            </intent-filter>
127        </activity>
128
129        <provider
129-->[com.google.firebase:firebase-common:20.2.0] AndroidManifest.xml:25:9-30:39
130            android:name="com.google.firebase.provider.FirebaseInitProvider"
130-->[com.google.firebase:firebase-common:20.2.0] AndroidManifest.xml:26:13-77
131            android:authorities="com.example.flutter_auth_example.firebaseinitprovider"
131-->[com.google.firebase:firebase-common:20.2.0] AndroidManifest.xml:27:13-72
132            android:directBootAware="true"
132-->[com.google.firebase:firebase-common:20.2.0] AndroidManifest.xml:28:13-43
133            android:exported="false"
133-->[com.google.firebase:firebase-common:20.2.0] AndroidManifest.xml:29:13-37
134            android:initOrder="100" />
134-->[com.google.firebase:firebase-common:20.2.0] AndroidManifest.xml:30:13-36
135
136        <activity
136-->[com.google.android.gms:play-services-base:18.0.1] AndroidManifest.xml:20:9-22:45
137            android:name="com.google.android.gms.common.api.GoogleApiActivity"
137-->[com.google.android.gms:play-services-base:18.0.1] AndroidManifest.xml:20:19-85
138            android:exported="false"
138-->[com.google.android.gms:play-services-base:18.0.1] AndroidManifest.xml:22:19-43
139            android:theme="@android:style/Theme.Translucent.NoTitleBar" />
139-->[com.google.android.gms:play-services-base:18.0.1] AndroidManifest.xml:21:19-78
140
141        <meta-data
141-->[com.google.android.gms:play-services-basement:18.1.0] AndroidManifest.xml:21:9-23:69
142            android:name="com.google.android.gms.version"
142-->[com.google.android.gms:play-services-basement:18.1.0] AndroidManifest.xml:22:13-58
143            android:value="@integer/google_play_services_version" />
143-->[com.google.android.gms:play-services-basement:18.1.0] AndroidManifest.xml:23:13-66
144    </application>
145
146</manifest>